[github.com/flipped-aurora/gin-vue-admin/server]2025-04-25 08:30:14.170	[34minfo[0m	D:/gowork/src/iot-b/IOT-B-SRC/initialize/router.go:60	register swagger handler
[github.com/flipped-aurora/gin-vue-admin/server]2025-04-25 08:30:14.175	[34minfo[0m	D:/gowork/src/iot-b/IOT-B-SRC/initialize/plugin.go:10	é¡¹ç›®æš‚æœªåˆå§‹åŒ–ï¼Œæ— æ³•å®‰è£…æ’ä»¶ï¼Œåˆå§‹åŒ–åé‡å¯é¡¹ç›®å³å¯å®Œæˆæ’ä»¶å®‰è£…
[github.com/flipped-aurora/gin-vue-admin/server]2025-04-25 08:30:14.175	[34minfo[0m	D:/gowork/src/iot-b/IOT-B-SRC/initialize/router.go:109	router register success
[github.com/flipped-aurora/gin-vue-admin/server]2025-04-25 08:30:14.175	[34minfo[0m	D:/gowork/src/iot-b/IOT-B-SRC/core/server.go:38	server run success on 	{"address": ":8888"}
[github.com/flipped-aurora/gin-vue-admin/server]2025-04-25 08:30:27.387	[34minfo[0m	D:/gowork/src/iot-b/IOT-B-SRC/api/v1/system/sys_initdb.go:57	å‰å¾€åˆå§‹åŒ–æ•°æ®åº“
[github.com/flipped-aurora/gin-vue-admin/server]2025-04-25 10:34:53.335	[34minfo[0m	D:/gowork/src/IOT-B-SRC/initialize/gorm.go:77	register table success
[github.com/flipped-aurora/gin-vue-admin/server]2025-04-25 10:34:53.461	[34minfo[0m	D:/gowork/src/IOT-B-SRC/initialize/router.go:60	register swagger handler
[github.com/flipped-aurora/gin-vue-admin/server]2025-04-25 10:34:54.879	[34minfo[0m	D:/gowork/src/IOT-B-SRC/initialize/router.go:109	router register success
[github.com/flipped-aurora/gin-vue-admin/server]2025-04-25 10:34:54.880	[34minfo[0m	D:/gowork/src/IOT-B-SRC/core/server.go:38	server run success on 	{"address": ":8888"}
[github.com/flipped-aurora/gin-vue-admin/server]2025-04-25 15:13:57.222	[34minfo[0m	D:/gowork/src/IOT-B-SRC/initialize/gorm.go:77	register table success
[github.com/flipped-aurora/gin-vue-admin/server]2025-04-25 15:13:57.350	[34minfo[0m	D:/gowork/src/IOT-B-SRC/initialize/router.go:60	register swagger handler
[github.com/flipped-aurora/gin-vue-admin/server]2025-04-25 15:13:58.642	[34minfo[0m	D:/gowork/src/IOT-B-SRC/initialize/router.go:109	router register success
[github.com/flipped-aurora/gin-vue-admin/server]2025-04-25 15:13:58.643	[34minfo[0m	D:/gowork/src/IOT-B-SRC/core/server.go:38	server run success on 	{"address": ":8888"}
[github.com/flipped-aurora/gin-vue-admin/server]2025-04-25 22:04:27.756	[34minfo[0m	D:/gowork/src/IOT-B-SRC/initialize/gorm.go:77	register table success
[github.com/flipped-aurora/gin-vue-admin/server]2025-04-25 22:04:27.861	[34minfo[0m	D:/gowork/src/IOT-B-SRC/initialize/router.go:60	register swagger handler
[github.com/flipped-aurora/gin-vue-admin/server]2025-04-25 22:04:28.891	[34minfo[0m	D:/gowork/src/IOT-B-SRC/initialize/router.go:109	router register success
[github.com/flipped-aurora/gin-vue-admin/server]2025-04-25 22:04:28.891	[34minfo[0m	D:/gowork/src/IOT-B-SRC/core/server.go:38	server run success on 	{"address": ":8888"}
[github.com/flipped-aurora/gin-vue-admin/server]2025-04-25 22:20:20.941	[34minfo[0m	D:/gowork/src/IOT-B-SRC/initialize/gorm.go:77	register table success
[github.com/flipped-aurora/gin-vue-admin/server]2025-04-25 22:20:21.237	[34minfo[0m	D:/gowork/src/IOT-B-SRC/initialize/router.go:60	register swagger handler
[github.com/flipped-aurora/gin-vue-admin/server]2025-04-25 22:20:25.694	[34minfo[0m	D:/gowork/src/IOT-B-SRC/initialize/router.go:109	router register success
[github.com/flipped-aurora/gin-vue-admin/server]2025-04-25 22:20:25.694	[34minfo[0m	D:/gowork/src/IOT-B-SRC/core/server.go:38	server run success on 	{"address": ":8888"}
[github.com/flipped-aurora/gin-vue-admin/server]2025-04-25 22:25:37.229	[34minfo[0m	D:/gowork/src/IOT-B-SRC/initialize/gorm.go:77	register table success
[github.com/flipped-aurora/gin-vue-admin/server]2025-04-25 22:25:37.353	[34minfo[0m	D:/gowork/src/IOT-B-SRC/initialize/router.go:60	register swagger handler
[github.com/flipped-aurora/gin-vue-admin/server]2025-04-25 22:25:38.672	[34minfo[0m	D:/gowork/src/IOT-B-SRC/initialize/router.go:109	router register success
[github.com/flipped-aurora/gin-vue-admin/server]2025-04-25 22:25:38.673	[34minfo[0m	D:/gowork/src/IOT-B-SRC/core/server.go:38	server run success on 	{"address": ":8888"}
[github.com/flipped-aurora/gin-vue-admin/server]2025-04-25 22:36:37.703	[34minfo[0m	D:/gowork/src/IOT-B-SRC/initialize/gorm.go:77	register table success
[github.com/flipped-aurora/gin-vue-admin/server]2025-04-25 22:36:37.817	[34minfo[0m	D:/gowork/src/IOT-B-SRC/initialize/router.go:60	register swagger handler
[github.com/flipped-aurora/gin-vue-admin/server]2025-04-25 22:36:39.356	[34minfo[0m	D:/gowork/src/IOT-B-SRC/initialize/router.go:109	router register success
[github.com/flipped-aurora/gin-vue-admin/server]2025-04-25 22:36:39.357	[34minfo[0m	D:/gowork/src/IOT-B-SRC/core/server.go:38	server run success on 	{"address": ":8888"}
