[github.com/flipped-aurora/gin-vue-admin/server]2025-05-04 19:01:27.901	[34minfo[0m	C:/go work/src/IOT-B-SRC/initialize/gorm.go:77	register table success
[github.com/flipped-aurora/gin-vue-admin/server]2025-05-04 19:01:27.966	[34minfo[0m	C:/go work/src/IOT-B-SRC/initialize/router.go:60	register swagger handler
[github.com/flipped-aurora/gin-vue-admin/server]2025-05-04 19:01:28.649	[34minfo[0m	C:/go work/src/IOT-B-SRC/initialize/router.go:109	router register success
[github.com/flipped-aurora/gin-vue-admin/server]2025-05-04 19:01:28.651	[34minfo[0m	C:/go work/src/IOT-B-SRC/core/server.go:38	server run success on 	{"address": ":8888"}
[github.com/flipped-aurora/gin-vue-admin/server]2025-05-04 19:49:36.054	[34minfo[0m	C:/go work/src/IOT-B-SRC/initialize/gorm.go:77	register table success
[github.com/flipped-aurora/gin-vue-admin/server]2025-05-04 19:49:36.139	[34minfo[0m	C:/go work/src/IOT-B-SRC/initialize/router.go:60	register swagger handler
[github.com/flipped-aurora/gin-vue-admin/server]2025-05-04 19:49:36.858	[34minfo[0m	C:/go work/src/IOT-B-SRC/initialize/router.go:109	router register success
[github.com/flipped-aurora/gin-vue-admin/server]2025-05-04 19:49:36.861	[34minfo[0m	C:/go work/src/IOT-B-SRC/core/server.go:38	server run success on 	{"address": ":8888"}
[github.com/flipped-aurora/gin-vue-admin/server]2025-05-04 19:51:14.741	[34minfo[0m	C:/go work/src/IOT-B-SRC/initialize/gorm.go:77	register table success
[github.com/flipped-aurora/gin-vue-admin/server]2025-05-04 19:51:14.798	[34minfo[0m	C:/go work/src/IOT-B-SRC/initialize/router.go:60	register swagger handler
[github.com/flipped-aurora/gin-vue-admin/server]2025-05-04 19:51:15.527	[34minfo[0m	C:/go work/src/IOT-B-SRC/initialize/router.go:109	router register success
[github.com/flipped-aurora/gin-vue-admin/server]2025-05-04 19:51:15.527	[34minfo[0m	C:/go work/src/IOT-B-SRC/core/server.go:38	server run success on 	{"address": ":8888"}
[github.com/flipped-aurora/gin-vue-admin/server]2025-05-04 20:20:40.524	[34minfo[0m	C:/go work/src/IOT-B-SRC/initialize/gorm.go:77	register table success
[github.com/flipped-aurora/gin-vue-admin/server]2025-05-04 20:20:40.585	[34minfo[0m	C:/go work/src/IOT-B-SRC/initialize/router.go:60	register swagger handler
[github.com/flipped-aurora/gin-vue-admin/server]2025-05-04 20:20:41.295	[34minfo[0m	C:/go work/src/IOT-B-SRC/initialize/router.go:109	router register success
[github.com/flipped-aurora/gin-vue-admin/server]2025-05-04 20:20:41.297	[34minfo[0m	C:/go work/src/IOT-B-SRC/core/server.go:38	server run success on 	{"address": ":8888"}
[github.com/flipped-aurora/gin-vue-admin/server]2025-05-04 20:50:51.867	[34minfo[0m	D:/gowork/src/iot-b/IOT-B-SRC/initialize/gorm.go:77	register table success
[github.com/flipped-aurora/gin-vue-admin/server]2025-05-04 20:50:51.979	[34minfo[0m	D:/gowork/src/iot-b/IOT-B-SRC/initialize/router.go:60	register swagger handler
[github.com/flipped-aurora/gin-vue-admin/server]2025-05-04 20:50:53.356	[34minfo[0m	D:/gowork/src/iot-b/IOT-B-SRC/initialize/router.go:109	router register success
[github.com/flipped-aurora/gin-vue-admin/server]2025-05-04 20:50:53.356	[34minfo[0m	D:/gowork/src/iot-b/IOT-B-SRC/core/server.go:38	server run success on 	{"address": ":8888"}
[github.com/flipped-aurora/gin-vue-admin/server]2025-05-04 20:58:36.890	[34minfo[0m	D:/gowork/src/iot-b/IOT-B-SRC/initialize/gorm.go:77	register table success
[github.com/flipped-aurora/gin-vue-admin/server]2025-05-04 20:58:37.021	[34minfo[0m	D:/gowork/src/iot-b/IOT-B-SRC/initialize/router.go:60	register swagger handler
[github.com/flipped-aurora/gin-vue-admin/server]2025-05-04 20:58:38.347	[34minfo[0m	D:/gowork/src/iot-b/IOT-B-SRC/initialize/router.go:109	router register success
[github.com/flipped-aurora/gin-vue-admin/server]2025-05-04 20:58:38.347	[34minfo[0m	D:/gowork/src/iot-b/IOT-B-SRC/core/server.go:38	server run success on 	{"address": ":8888"}
